<?xml version="1.0" encoding="UTF-8"?>
<!-- Generated by org.testng.reporters.JUnitReportReporter -->
<testsuite skipped="0" hostname="ip-172-31-83-226" name="restAssured.project.POSTRequest" tests="1" failures="0" timestamp="05 Dec 2021 11:57:06 GMT" time="1.539" errors="0">
  <testcase name="verifyResponse" time="1.539" classname="restAssured.project.POSTRequest"/>
</testsuite> <!-- restAssured.project.POSTRequest -->
